<?xml version="1.0" encoding="UTF-8"?>
<!-- Generated by org.testng.reporters.JUnitReportReporter -->
<testsuite hostname="MAA-5CG9368WMV" failures="0" tests="5" name="GetAndPost" time="4.037" errors="0" timestamp="2021-05-25T10:29:18 IST" skipped="0">
  <testcase classname="GetAndPost" name="test_2_put" time="0.391"/>
  <system-out/>
  <testcase classname="GetAndPost" name="test_2_patch" time="0.438"/>
  <system-out/>
  <testcase classname="GetAndPost" name="testPost" time="0.514"/>
  <system-out/>
  <testcase classname="GetAndPost" name="testGet" time="2.262"/>
  <system-out/>
  <testcase classname="GetAndPost" name="test_2_delete" time="0.432"/>
  <system-out/>
</testsuite> <!-- GetAndPost -->
