<?xml version="1.0" encoding="UTF-8"?>
<!-- Generated by org.testng.reporters.JUnitReportReporter -->
<testsuite hostname="MAA-5CG9368WMV" failures="0" tests="2" name="restapipackage.DataDrivenExample1" time="2.240" errors="0" timestamp="2021-05-26T10:03:25 IST" skipped="0">
  <testcase classname="restapipackage.DataDrivenExample1" name="test_delete2" time="2.183"/>
  <system-out/>
  <testcase classname="restapipackage.DataDrivenExample1" name="test_delete2" time="0.057"/>
  <system-out/>
</testsuite> <!-- restapipackage.DataDrivenExample1 -->
