<?xml version="1.0" encoding="UTF-8"?>
<!-- Generated by org.testng.reporters.JUnitReportReporter -->
<testsuite hostname="MAA-5CG9368WMV" failures="0" tests="2" name="DataDrivenExample1" time="3.495" errors="0" timestamp="2021-05-26T09:41:29 IST" skipped="0">
  <testcase classname="DataDrivenExample1" name="test_post" time="3.437"/>
  <system-out/>
  <testcase classname="DataDrivenExample1" name="test_post" time="0.058"/>
  <system-out/>
</testsuite> <!-- DataDrivenExample1 -->
