<?xml version="1.0" encoding="UTF-8"?>
<!-- Generated by org.testng.reporters.JUnitReportReporter -->
<testsuite hostname="MAA-5CG9368WMV" failures="0" tests="2" name="Test_of_GET_method" time="3.611" errors="0" timestamp="2021-05-20T13:58:55 IST" skipped="0">
  <testcase classname="Test_of_GET_method" name="test_02" time="0.899"/>
  <system-out/>
  <testcase classname="Test_of_GET_method" name="test_01" time="2.712"/>
  <system-out/>
</testsuite> <!-- Test_of_GET_method -->
